Using pre-set license
Built from '2020.3/staging' branch; Version is '2020.3.6f1 (338bb68529b2) revision 3378102'; Using compiler version '192528614'; Build Type 'Release'
OS: 'Windows 10 Home; OS build 19041.985; Version 2004; 64bit' Language: 'en' Physical Memory: 16226 MB
BatchMode: 1, IsHumanControllingUs: 0, StartBugReporterOnCrash: 0, Is64bit: 1, IsPro: 0

 COMMAND LINE ARGUMENTS:
C:\Program Files\Unity\Hub\Editor\2019.4.0f1\Editor\Unity.exe
-adb2
-batchMode
-noUpm
-name
AssetImportWorker0
-projectPath
C:/Users/Kai/Documents/GitHub/Term-Project/Term_ProjectClient
-logFile
Logs/AssetImportWorker0.log
-srvPort
52786
Successfully changed project path to: C:/Users/Kai/Documents/GitHub/Term-Project/Term_ProjectClient
C:/Users/Kai/Documents/GitHub/Term-Project/Term_ProjectClient
Using Asset Import Pipeline V2.
Refreshing native plugins compatible for Editor in 21.77 ms, found 0 plugins.
Preloading 0 native plugins for Editor in 0.00 ms.
Initialize engine version: 2020.3.6f1 (338bb68529b2)
[Subsystems] Discovering subsystems at path C:/Program Files/Unity/Hub/Editor/2019.4.0f1/Editor/Data/Resources/UnitySubsystems
[Subsystems] Discovering subsystems at path C:/Users/Kai/Documents/GitHub/Term-Project/Term_ProjectClient/Assets
GfxDevice: creating device client; threaded=0
Direct3D:
    Version:  Direct3D 11.0 [level 11.1]
    Renderer: NVIDIA GeForce GTX 1060 (ID=0x1c20)
    Vendor:   
    VRAM:     6052 MB
    Driver:   27.21.14.5730
Initialize mono
Mono path[0] = 'C:/Program Files/Unity/Hub/Editor/2019.4.0f1/Editor/Data/Managed'
Mono path[1] = 'C:/Program Files/Unity/Hub/Editor/2019.4.0f1/Editor/Data/MonoBleedingEdge/lib/mono/unityjit'
Mono config path = 'C:/Program Files/Unity/Hub/Editor/2019.4.0f1/Editor/Data/MonoBleedingEdge/etc'
Using monoOptions --debugger-agent=transport=dt_socket,embedding=1,server=y,suspend=n,address=127.0.0.1:56492
Begin MonoManager ReloadAssembly
Registering precompiled unity dll's ...
Register platform support module: C:/Program Files/Unity/Hub/Editor/2019.4.0f1/Editor/Data/PlaybackEngines/WindowsStandaloneSupport/UnityEditor.WindowsStandalone.Extensions.dll
Registered in 0.002139 seconds.
Native extension for WindowsStandalone target not found
Refreshing native plugins compatible for Editor in 21.61 ms, found 0 plugins.
Preloading 0 native plugins for Editor in 0.00 ms.
Mono: successfully reloaded assembly
- Completed reload, in  1.198 seconds
Platform modules already initialized, skipping
Registering precompiled user dll's ...
Registered in 0.000771 seconds.
Begin MonoManager ReloadAssembly
Native extension for WindowsStandalone target not found
Refreshing native plugins compatible for Editor in 0.19 ms, found 0 plugins.
Preloading 0 native plugins for Editor in 0.00 ms.
Mono: successfully reloaded assembly
- Completed reload, in  0.843 seconds
Platform modules already initialized, skipping
========================================================================
Worker process is ready to serve import requests
Launched and connected shader compiler UnityShaderCompiler.exe after 0.05 seconds
Refreshing native plugins compatible for Editor in 0.20 ms, found 0 plugins.
Preloading 0 native plugins for Editor in 0.00 ms.
Unloading 1124 Unused Serialized files (Serialized files now loaded: 0)
System memory in use before: 57.4 MB.
System memory in use after: 57.4 MB.

Unloading 10 unused Assets to reduce memory usage. Loaded Objects now: 1567.
Total: 1.935000 ms (FindLiveObjects: 0.225900 ms CreateObjectMapping: 0.120500 ms MarkObjects: 1.513900 ms  DeleteObjects: 0.073100 ms)

========================================================================
Received Import Request.
  path: Assets/Scripts/ClientHandle.cs
  artifactKey: Guid(e47344dceeff36243a66caee2eed8569) Importer(815301076,1909f56bfc062723c751e8b465ee728b)
Start importing Assets/Scripts/ClientHandle.cs using Guid(e47344dceeff36243a66caee2eed8569) Importer(815301076,1909f56bfc062723c751e8b465ee728b)  -> (artifact id: 'd91e7535247cd0e32706b168d0f4064f') in 0.032097 seconds
  Import took 0.033851 seconds .

========================================================================
Received Import Request.
  Time since last request: 2528.485011 seconds.
  path: Assets/Prefabs/Player.prefab
  artifactKey: Guid(5aa8c1bbd61ddbc478999bb2c8e299b2) Importer(815301076,1909f56bfc062723c751e8b465ee728b)
Start importing Assets/Prefabs/Player.prefab using Guid(5aa8c1bbd61ddbc478999bb2c8e299b2) Importer(815301076,1909f56bfc062723c751e8b465ee728b)  -> (artifact id: 'a5e0ad9b74a42e9fcfe2f845271c4b5e') in 0.033892 seconds
  Import took 0.036216 seconds .

========================================================================
Received Import Request.
  Time since last request: 50.646136 seconds.
  path: Assets/Materials/PlayerModel.mat
  artifactKey: Guid(f1d1b88f3f8cb294c91a3f46c4af9084) Importer(815301076,1909f56bfc062723c751e8b465ee728b)
Start importing Assets/Materials/PlayerModel.mat using Guid(f1d1b88f3f8cb294c91a3f46c4af9084) Importer(815301076,1909f56bfc062723c751e8b465ee728b)  -> (artifact id: '6b704ab3fc8f20cd79cf477fb1b1394d') in 0.187648 seconds
  Import took 0.189486 seconds .

========================================================================
Received Import Request.
  Time since last request: 24.792368 seconds.
  path: Assets/Materials
  artifactKey: Guid(bb9678932a164704da0cd8f9f307f7f7) Importer(815301076,1909f56bfc062723c751e8b465ee728b)
Start importing Assets/Materials using Guid(bb9678932a164704da0cd8f9f307f7f7) Importer(815301076,1909f56bfc062723c751e8b465ee728b)  -> (artifact id: '71b7effaa73f7afb9726d4fb0e00b89f') in 0.007402 seconds
  Import took 0.009164 seconds .

========================================================================
Received Import Request.
  Time since last request: 6.561582 seconds.
  path: Assets/Materials/LocalPlayerModel.mat
  artifactKey: Guid(1913dcdf1a0d637469fb0860f4e2ab26) Importer(815301076,1909f56bfc062723c751e8b465ee728b)
Start importing Assets/Materials/LocalPlayerModel.mat using Guid(1913dcdf1a0d637469fb0860f4e2ab26) Importer(815301076,1909f56bfc062723c751e8b465ee728b)  -> (artifact id: 'dc72da5802f1e3c999967319813e242b') in 0.012906 seconds
  Import took 0.014926 seconds .

========================================================================
Received Import Request.
  Time since last request: 3141.146835 seconds.
  path: Assets/Prefabs
  artifactKey: Guid(fd92b9620e44d084585dc4a0d2b3ffee) Importer(815301076,1909f56bfc062723c751e8b465ee728b)
Start importing Assets/Prefabs using Guid(fd92b9620e44d084585dc4a0d2b3ffee) Importer(815301076,1909f56bfc062723c751e8b465ee728b)  -> (artifact id: '9715b693c2c0dc9110407b4bd4e061c1') in 0.008503 seconds
  Import took 0.013146 seconds .

========================================================================
Received Import Request.
  Time since last request: 25.891461 seconds.
  path: Assets/Prefabs/Player.prefab
  artifactKey: Guid(5aa8c1bbd61ddbc478999bb2c8e299b2) Importer(815301076,1909f56bfc062723c751e8b465ee728b)
Start importing Assets/Prefabs/Player.prefab using Guid(5aa8c1bbd61ddbc478999bb2c8e299b2) Importer(815301076,1909f56bfc062723c751e8b465ee728b)  -> (artifact id: '65208a6e0dbb9a883cc0be28e6f4d42d') in 0.044946 seconds
  Import took 0.047754 seconds .

========================================================================
Received Import Request.
  Time since last request: 46.321268 seconds.
  path: Assets/Prefabs/Player.prefab
  artifactKey: Guid(5aa8c1bbd61ddbc478999bb2c8e299b2) Importer(815301076,1909f56bfc062723c751e8b465ee728b)
Start importing Assets/Prefabs/Player.prefab using Guid(5aa8c1bbd61ddbc478999bb2c8e299b2) Importer(815301076,1909f56bfc062723c751e8b465ee728b)  -> (artifact id: 'cf79486af95896ae34f663fc9cb9d8d4') in 0.010400 seconds
  Import took 0.012455 seconds .

========================================================================
Received Import Request.
  Time since last request: 13.989192 seconds.
  path: Assets/Prefabs/Player.prefab
  artifactKey: Guid(5aa8c1bbd61ddbc478999bb2c8e299b2) Importer(815301076,1909f56bfc062723c751e8b465ee728b)
Start importing Assets/Prefabs/Player.prefab using Guid(5aa8c1bbd61ddbc478999bb2c8e299b2) Importer(815301076,1909f56bfc062723c751e8b465ee728b)  -> (artifact id: '5a0c9b6e5ac1484a2d9e2a0f6dd01162') in 0.010431 seconds
  Import took 0.012448 seconds .

========================================================================
Received Import Request.
  Time since last request: 122.699793 seconds.
  path: Assets/Prefabs/LocalPlayer.prefab
  artifactKey: Guid(673caac69b337eb4d961fb5de5715255) Importer(815301076,1909f56bfc062723c751e8b465ee728b)
Start importing Assets/Prefabs/LocalPlayer.prefab using Guid(673caac69b337eb4d961fb5de5715255) Importer(815301076,1909f56bfc062723c751e8b465ee728b)  -> (artifact id: 'e6bfce0c3c9eedc32cb8636ccaae0308') in 0.020548 seconds
  Import took 0.022753 seconds .

========================================================================
Received Import Request.
  Time since last request: 1916.522680 seconds.
  path: Assets/Prefabs/LocalPlayer.prefab
  artifactKey: Guid(673caac69b337eb4d961fb5de5715255) Importer(815301076,1909f56bfc062723c751e8b465ee728b)
Start importing Assets/Prefabs/LocalPlayer.prefab using Guid(673caac69b337eb4d961fb5de5715255) Importer(815301076,1909f56bfc062723c751e8b465ee728b)  -> (artifact id: '7021b0347770c0590b4dda7dd5ed4ee5') in 0.021136 seconds
  Import took 0.023569 seconds .

========================================================================
Received Import Request.
  Time since last request: 53.400878 seconds.
  path: Assets/Prefabs/Player.prefab
  artifactKey: Guid(5aa8c1bbd61ddbc478999bb2c8e299b2) Importer(815301076,1909f56bfc062723c751e8b465ee728b)
Start importing Assets/Prefabs/Player.prefab using Guid(5aa8c1bbd61ddbc478999bb2c8e299b2) Importer(815301076,1909f56bfc062723c751e8b465ee728b)  -> (artifact id: 'e6f0fbc71c97a4e246dc091aa306d22b') in 0.024281 seconds
  Import took 0.026621 seconds .

AssetImportWorkerClient::OnTransportError - code=2 error=End of file
