Using pre-set license
Built from '2020.3/staging' branch; Version is '2020.3.6f1 (338bb68529b2) revision 3378102'; Using compiler version '192528614'; Build Type 'Release'
OS: 'Windows 10 Home; OS build 19041.985; Version 2004; 64bit' Language: 'en' Physical Memory: 16226 MB
BatchMode: 1, IsHumanControllingUs: 0, StartBugReporterOnCrash: 0, Is64bit: 1, IsPro: 0

 COMMAND LINE ARGUMENTS:
C:\Program Files\Unity\Hub\Editor\2019.4.0f1\Editor\Unity.exe
-adb2
-batchMode
-noUpm
-name
AssetImportWorker0
-projectPath
C:/Users/Kai/Documents/GitHub/Term-Project/Term_ProjectClient
-logFile
Logs/AssetImportWorker0.log
-srvPort
63846
Successfully changed project path to: C:/Users/Kai/Documents/GitHub/Term-Project/Term_ProjectClient
C:/Users/Kai/Documents/GitHub/Term-Project/Term_ProjectClient
Using Asset Import Pipeline V2.
Refreshing native plugins compatible for Editor in 22.10 ms, found 0 plugins.
Preloading 0 native plugins for Editor in 0.00 ms.
Initialize engine version: 2020.3.6f1 (338bb68529b2)
[Subsystems] Discovering subsystems at path C:/Program Files/Unity/Hub/Editor/2019.4.0f1/Editor/Data/Resources/UnitySubsystems
[Subsystems] Discovering subsystems at path C:/Users/Kai/Documents/GitHub/Term-Project/Term_ProjectClient/Assets
GfxDevice: creating device client; threaded=0
Direct3D:
    Version:  Direct3D 11.0 [level 11.1]
    Renderer: NVIDIA GeForce GTX 1060 (ID=0x1c20)
    Vendor:   
    VRAM:     6052 MB
    Driver:   27.21.14.5730
Initialize mono
Mono path[0] = 'C:/Program Files/Unity/Hub/Editor/2019.4.0f1/Editor/Data/Managed'
Mono path[1] = 'C:/Program Files/Unity/Hub/Editor/2019.4.0f1/Editor/Data/MonoBleedingEdge/lib/mono/unityjit'
Mono config path = 'C:/Program Files/Unity/Hub/Editor/2019.4.0f1/Editor/Data/MonoBleedingEdge/etc'
Using monoOptions --debugger-agent=transport=dt_socket,embedding=1,server=y,suspend=n,address=127.0.0.1:56532
Begin MonoManager ReloadAssembly
Registering precompiled unity dll's ...
Register platform support module: C:/Program Files/Unity/Hub/Editor/2019.4.0f1/Editor/Data/PlaybackEngines/WindowsStandaloneSupport/UnityEditor.WindowsStandalone.Extensions.dll
Registered in 0.002108 seconds.
Native extension for WindowsStandalone target not found
Refreshing native plugins compatible for Editor in 22.73 ms, found 0 plugins.
Preloading 0 native plugins for Editor in 0.00 ms.
Mono: successfully reloaded assembly
- Completed reload, in  1.102 seconds
Platform modules already initialized, skipping
Registering precompiled user dll's ...
Registered in 0.000880 seconds.
Begin MonoManager ReloadAssembly
Native extension for WindowsStandalone target not found
Refreshing native plugins compatible for Editor in 0.20 ms, found 0 plugins.
Preloading 0 native plugins for Editor in 0.00 ms.
Mono: successfully reloaded assembly
- Completed reload, in  0.830 seconds
Platform modules already initialized, skipping
========================================================================
Worker process is ready to serve import requests
Launched and connected shader compiler UnityShaderCompiler.exe after 0.06 seconds
Refreshing native plugins compatible for Editor in 0.18 ms, found 0 plugins.
Preloading 0 native plugins for Editor in 0.00 ms.
Unloading 1117 Unused Serialized files (Serialized files now loaded: 0)
System memory in use before: 57.1 MB.
System memory in use after: 57.2 MB.

Unloading 10 unused Assets to reduce memory usage. Loaded Objects now: 1559.
Total: 1.821800 ms (FindLiveObjects: 0.170400 ms CreateObjectMapping: 0.042900 ms MarkObjects: 1.531100 ms  DeleteObjects: 0.076100 ms)

========================================================================
Received Import Request.
  path: Assets/Scripts/client.cs
  artifactKey: Guid(ebdedcd3c249a2741900b4120d8de068) Importer(815301076,1909f56bfc062723c751e8b465ee728b)
Start importing Assets/Scripts/client.cs using Guid(ebdedcd3c249a2741900b4120d8de068) Importer(815301076,1909f56bfc062723c751e8b465ee728b)  -> (artifact id: 'd3966322a91f207cf81484dc84821ebf') in 0.035734 seconds
  Import took 0.037479 seconds .

========================================================================
Received Import Request.
  Time since last request: 7.671239 seconds.
  path: Assets/Scripts/client.cs
  artifactKey: Guid(ebdedcd3c249a2741900b4120d8de068) Importer(815301076,1909f56bfc062723c751e8b465ee728b)
Start importing Assets/Scripts/client.cs using Guid(ebdedcd3c249a2741900b4120d8de068) Importer(815301076,1909f56bfc062723c751e8b465ee728b)  -> (artifact id: '80c8e0ac70af22e8e9c21014072d389a') in 0.003253 seconds
  Import took 0.005088 seconds .

========================================================================
Received Import Request.
  Time since last request: 0.076967 seconds.
  path: Assets/Scripts/client.cs
  artifactKey: Guid(ebdedcd3c249a2741900b4120d8de068) Importer(815301076,1909f56bfc062723c751e8b465ee728b)
Start importing Assets/Scripts/client.cs using Guid(ebdedcd3c249a2741900b4120d8de068) Importer(815301076,1909f56bfc062723c751e8b465ee728b)  -> (artifact id: '80c8e0ac70af22e8e9c21014072d389a') in 0.004100 seconds
  Import took 0.007237 seconds .

========================================================================
Received Prepare
Registering precompiled user dll's ...
Registered in 0.000817 seconds.
Begin MonoManager ReloadAssembly
Native extension for WindowsStandalone target not found
Refreshing native plugins compatible for Editor in 0.18 ms, found 0 plugins.
Preloading 0 native plugins for Editor in 0.00 ms.
Mono: successfully reloaded assembly
- Completed reload, in  0.807 seconds
Platform modules already initialized, skipping
Refreshing native plugins compatible for Editor in 0.20 ms, found 0 plugins.
Preloading 0 native plugins for Editor in 0.00 ms.
Unloading 1112 Unused Serialized files (Serialized files now loaded: 0)
System memory in use before: 57.1 MB.
System memory in use after: 57.1 MB.

Unloading 5 unused Assets to reduce memory usage. Loaded Objects now: 1562.
Total: 1.930800 ms (FindLiveObjects: 0.142600 ms CreateObjectMapping: 0.036700 ms MarkObjects: 1.697100 ms  DeleteObjects: 0.053400 ms)

========================================================================
Received Prepare
Registering precompiled user dll's ...
Registered in 0.000959 seconds.
Begin MonoManager ReloadAssembly
Native extension for WindowsStandalone target not found
Refreshing native plugins compatible for Editor in 0.19 ms, found 0 plugins.
Preloading 0 native plugins for Editor in 0.00 ms.
Mono: successfully reloaded assembly
- Completed reload, in  0.853 seconds
Platform modules already initialized, skipping
Refreshing native plugins compatible for Editor in 0.35 ms, found 0 plugins.
Preloading 0 native plugins for Editor in 0.00 ms.
Unloading 1112 Unused Serialized files (Serialized files now loaded: 0)
System memory in use before: 57.1 MB.
System memory in use after: 57.2 MB.

Unloading 5 unused Assets to reduce memory usage. Loaded Objects now: 1565.
Total: 1.990500 ms (FindLiveObjects: 0.133800 ms CreateObjectMapping: 0.039500 ms MarkObjects: 1.741600 ms  DeleteObjects: 0.074100 ms)

========================================================================
Received Import Request.
  Time since last request: 7892.748307 seconds.
  path: Assets/Scripts/client.cs
  artifactKey: Guid(ebdedcd3c249a2741900b4120d8de068) Importer(815301076,1909f56bfc062723c751e8b465ee728b)
Start importing Assets/Scripts/client.cs using Guid(ebdedcd3c249a2741900b4120d8de068) Importer(815301076,1909f56bfc062723c751e8b465ee728b)  -> (artifact id: '8998b870934e9defef51abe3bda1d1a3') in 0.008473 seconds
  Import took 0.010483 seconds .

========================================================================
Received Import Request.
  Time since last request: 3.278504 seconds.
  path: Assets/Scripts/UIManager.cs
  artifactKey: Guid(3391d20df503d7c48a8a514892dd7cfb) Importer(815301076,1909f56bfc062723c751e8b465ee728b)
Start importing Assets/Scripts/UIManager.cs using Guid(3391d20df503d7c48a8a514892dd7cfb) Importer(815301076,1909f56bfc062723c751e8b465ee728b)  -> (artifact id: 'dd545202dd53d2bd933bbdd7fd51a2b8') in 0.007110 seconds
  Import took 0.008881 seconds .

========================================================================
Received Prepare
Registering precompiled user dll's ...
Registered in 0.000842 seconds.
Begin MonoManager ReloadAssembly
Native extension for WindowsStandalone target not found
Refreshing native plugins compatible for Editor in 0.18 ms, found 0 plugins.
Preloading 0 native plugins for Editor in 0.00 ms.
Mono: successfully reloaded assembly
- Completed reload, in  0.800 seconds
Platform modules already initialized, skipping
Refreshing native plugins compatible for Editor in 0.21 ms, found 0 plugins.
Preloading 0 native plugins for Editor in 0.00 ms.
Unloading 1112 Unused Serialized files (Serialized files now loaded: 0)
System memory in use before: 57.1 MB.
System memory in use after: 57.2 MB.

Unloading 5 unused Assets to reduce memory usage. Loaded Objects now: 1568.
Total: 2.218400 ms (FindLiveObjects: 0.257500 ms CreateObjectMapping: 0.097800 ms MarkObjects: 1.786100 ms  DeleteObjects: 0.075200 ms)

========================================================================
Received Prepare
Registering precompiled user dll's ...
Registered in 0.000714 seconds.
Begin MonoManager ReloadAssembly
Native extension for WindowsStandalone target not found
Refreshing native plugins compatible for Editor in 0.21 ms, found 0 plugins.
Preloading 0 native plugins for Editor in 0.00 ms.
Mono: successfully reloaded assembly
- Completed reload, in  0.810 seconds
Platform modules already initialized, skipping
Refreshing native plugins compatible for Editor in 0.18 ms, found 0 plugins.
Preloading 0 native plugins for Editor in 0.00 ms.
Unloading 1112 Unused Serialized files (Serialized files now loaded: 0)
System memory in use before: 57.1 MB.
System memory in use after: 57.2 MB.

Unloading 5 unused Assets to reduce memory usage. Loaded Objects now: 1571.
Total: 1.654100 ms (FindLiveObjects: 0.146400 ms CreateObjectMapping: 0.035000 ms MarkObjects: 1.424700 ms  DeleteObjects: 0.046400 ms)

========================================================================
Received Prepare
Registering precompiled user dll's ...
Registered in 0.001326 seconds.
Begin MonoManager ReloadAssembly
Native extension for WindowsStandalone target not found
Refreshing native plugins compatible for Editor in 0.23 ms, found 0 plugins.
Preloading 0 native plugins for Editor in 0.00 ms.
Mono: successfully reloaded assembly
- Completed reload, in  0.999 seconds
Platform modules already initialized, skipping
Refreshing native plugins compatible for Editor in 0.18 ms, found 0 plugins.
Preloading 0 native plugins for Editor in 0.00 ms.
Unloading 1112 Unused Serialized files (Serialized files now loaded: 0)
System memory in use before: 57.1 MB.
System memory in use after: 57.2 MB.

Unloading 5 unused Assets to reduce memory usage. Loaded Objects now: 1574.
Total: 1.766900 ms (FindLiveObjects: 0.152800 ms CreateObjectMapping: 0.033100 ms MarkObjects: 1.533000 ms  DeleteObjects: 0.047000 ms)

AssetImportWorkerClient::OnTransportError - code=2 error=End of file
